<?xml version='1.0' encoding='UTF-8'?>
<testsuite hostname="DESKTOP-3VV0CB7" name="Test" tests="1" errors="0" failures="0" skipped="0" time="0.116" timestamp="2021-10-20T03:23:05">
          <properties>
[...]
</properties>
          <testcase classname="Test" name=" the correctness of name of the job from application config" time="0.116">
                      
                    </testcase>
          <system-out><![CDATA[]]></system-out>
          <system-err><![CDATA[]]></system-err>
        </testsuite>